Using pre-set license
Built from '2020.3/release' branch; Version is '2020.3.12f1 (b3b2c6512326) revision 11776710'; Using compiler version '192528614'; Build Type 'Release'
OS: 'Windows 10 Pro; OS build 19045.2965; Version 2009; 64bit' Language: 'en' Physical Memory: 7989 MB
BatchMode: 1, IsHumanControllingUs: 0, StartBugReporterOnCrash: 0, Is64bit: 1, IsPro: 0

 COMMAND LINE ARGUMENTS:
C:\Program Files\Unity\Hub\Editor\2020.3.12f1\Editor\Unity.exe
-adb2
-batchMode
-noUpm
-name
AssetImportWorker0
-projectPath
C:/Users/Ninja33/Documents/GitHub/robomania/robomania-AK
-logFile
Logs/AssetImportWorker0.log
-srvPort
49978
Successfully changed project path to: C:/Users/Ninja33/Documents/GitHub/robomania/robomania-AK
C:/Users/Ninja33/Documents/GitHub/robomania/robomania-AK
Using Asset Import Pipeline V2.
Refreshing native plugins compatible for Editor in 69.62 ms, found 2 plugins.
Preloading 0 native plugins for Editor in 0.00 ms.
Initialize engine version: 2020.3.12f1 (b3b2c6512326)
[Subsystems] Discovering subsystems at path C:/Program Files/Unity/Hub/Editor/2020.3.12f1/Editor/Data/Resources/UnitySubsystems
[Subsystems] Discovering subsystems at path C:/Users/Ninja33/Documents/GitHub/robomania/robomania-AK/Assets
GfxDevice: creating device client; threaded=0
Direct3D:
    Version:  Direct3D 11.0 [level 10.0]
    Renderer: Intel(R) HD Graphics (ID=0x46)
    Vendor:   
    VRAM:     128 MB
    Driver:   8.15.10.2900
Initialize mono
Mono path[0] = 'C:/Program Files/Unity/Hub/Editor/2020.3.12f1/Editor/Data/Managed'
Mono path[1] = 'C:/Program Files/Unity/Hub/Editor/2020.3.12f1/Editor/Data/MonoBleedingEdge/lib/mono/unityjit'
Mono config path = 'C:/Program Files/Unity/Hub/Editor/2020.3.12f1/Editor/Data/MonoBleedingEdge/etc'
Using monoOptions --debugger-agent=transport=dt_socket,embedding=1,server=y,suspend=n,address=127.0.0.1:56244
Begin MonoManager ReloadAssembly
Registering precompiled unity dll's ...
Register platform support module: C:/Program Files/Unity/Hub/Editor/2020.3.12f1/Editor/Data/PlaybackEngines/WindowsStandaloneSupport/UnityEditor.WindowsStandalone.Extensions.dll
Registered in 0.004567 seconds.
Native extension for WindowsStandalone target not found
Refreshing native plugins compatible for Editor in 69.67 ms, found 2 plugins.
Preloading 0 native plugins for Editor in 0.00 ms.
Mono: successfully reloaded assembly
- Completed reload, in  2.502 seconds
Platform modules already initialized, skipping
Registering precompiled user dll's ...
Registered in 0.009240 seconds.
Begin MonoManager ReloadAssembly
Native extension for WindowsStandalone target not found
Refreshing native plugins compatible for Editor in 0.78 ms, found 2 plugins.
Preloading 0 native plugins for Editor in 0.00 ms.
Mono: successfully reloaded assembly
- Completed reload, in  2.380 seconds
Platform modules already initialized, skipping
========================================================================
Worker process is ready to serve import requests
Launched and connected shader compiler UnityShaderCompiler.exe after 0.09 seconds
Refreshing native plugins compatible for Editor in 0.75 ms, found 2 plugins.
Preloading 0 native plugins for Editor in 0.00 ms.
Unloading 1392 Unused Serialized files (Serialized files now loaded: 0)
System memory in use before: 64.9 MB.
System memory in use after: 65.0 MB.

Unloading 19 unused Assets to reduce memory usage. Loaded Objects now: 1825.
Total: 4.563900 ms (FindLiveObjects: 0.336900 ms CreateObjectMapping: 0.108100 ms MarkObjects: 3.936600 ms  DeleteObjects: 0.178800 ms)

AssetImportParameters requested are different than current active one (requested -> active):
  custom:framework-win-MediaFoundation: 216162199b28c13a410421893ffa2e32 -> 
  custom:video-decoder-ogg-theora: a1e56fd34408186e4bbccfd4996cb3dc -> 
  custom:container-muxer-webm: aa71ff27fc2769a1b78a27578f13a17b -> 
  custom:container-demuxer-webm: 4f35f7cbe854078d1ac9338744f61a02 -> 
  custom:container-demuxer-ogg: 62fdf1f143b41e24485cea50d1cbac27 -> 
  custom:video-encoder-webm-vp8: eb34c28f22e8b96e1ab97ce403110664 -> 
  custom:video-decoder-webm-vp8: 9c59270c3fd7afecdb556c50c9e8de78 -> 
  custom:audio-decoder-ogg-vorbis: bf7c407c2cedff20999df2af8eb42d56 -> 
  custom:audio-encoder-webm-vorbis: bf7c407c2cedff20999df2af8eb42d56 -> 
========================================================================
Received Import Request.
  path: Assets/Sprites/Crusher/idle/frame0003.png
  artifactKey: Guid(41a4fbd07ed7c5b478f02dec53ee5afe) Importer(815301076,1909f56bfc062723c751e8b465ee728b)
Start importing Assets/Sprites/Crusher/idle/frame0003.png using Guid(41a4fbd07ed7c5b478f02dec53ee5afe) Importer(815301076,1909f56bfc062723c751e8b465ee728b)  -> (artifact id: '0beb2b1250a2d047769ef82144951c58') in 0.324936 seconds 
  Import took 0.330861 seconds .

========================================================================
Received Import Request.
  Time since last request: 0.012315 seconds.
  path: Assets/Resources/OrangeExplosion.prefab
  artifactKey: Guid(4e0b3e98643eeb34e8a374f76f1f2a32) Importer(815301076,1909f56bfc062723c751e8b465ee728b)
Start importing Assets/Resources/OrangeExplosion.prefab using Guid(4e0b3e98643eeb34e8a374f76f1f2a32) Importer(815301076,1909f56bfc062723c751e8b465ee728b)  -> (artifact id: '562377d34cd763e6385f0ae72a361b98') in 0.040810 seconds 
  Import took 0.047930 seconds .

========================================================================
Received Import Request.
  Time since last request: 0.008981 seconds.
  path: Assets/Resources/Explosion.prefab
  artifactKey: Guid(d4ec007e584c6e248a77b9d132690359) Importer(815301076,1909f56bfc062723c751e8b465ee728b)
Start importing Assets/Resources/Explosion.prefab using Guid(d4ec007e584c6e248a77b9d132690359) Importer(815301076,1909f56bfc062723c751e8b465ee728b)  -> (artifact id: '22bd737a3c34bfd339d7daa75b237c58') in 0.019807 seconds 
  Import took 0.025006 seconds .

========================================================================
Received Import Request.
  Time since last request: 0.007390 seconds.
  path: Assets/Sprites/PlayerBot/run1.png
  artifactKey: Guid(414c737d4326b4a46b5f2a04eb43b973) Importer(815301076,1909f56bfc062723c751e8b465ee728b)
Start importing Assets/Sprites/PlayerBot/run1.png using Guid(414c737d4326b4a46b5f2a04eb43b973) Importer(815301076,1909f56bfc062723c751e8b465ee728b)  -> (artifact id: 'aacf99a7a898141a94260a0308dd29d9') in 0.028647 seconds 
  Import took 0.034723 seconds .

========================================================================
Received Import Request.
  Time since last request: 0.010856 seconds.
  path: Assets/Sprites/Bullet/M484BulletCollection1.png
  artifactKey: Guid(f4bae2f5c9a20fd4a8c1675e2fde2cbf) Importer(815301076,1909f56bfc062723c751e8b465ee728b)
Start importing Assets/Sprites/Bullet/M484BulletCollection1.png using Guid(f4bae2f5c9a20fd4a8c1675e2fde2cbf) Importer(815301076,1909f56bfc062723c751e8b465ee728b)  -> (artifact id: 'a99aa63284c97d16894c558dcef1e864') in 1.045858 seconds 
  Import took 1.054065 seconds .

========================================================================
Received Import Request.
  Time since last request: 0.012359 seconds.
  path: Assets/Animations/Robot/Idle.anim
  artifactKey: Guid(a063f4dc624d19c4a92b7640685a04d0) Importer(815301076,1909f56bfc062723c751e8b465ee728b)
Start importing Assets/Animations/Robot/Idle.anim using Guid(a063f4dc624d19c4a92b7640685a04d0) Importer(815301076,1909f56bfc062723c751e8b465ee728b)  -> (artifact id: 'a780eb853f45374e57a042a1f427b848') in 0.020057 seconds 
  Import took 0.026153 seconds .

========================================================================
Received Import Request.
  Time since last request: 0.007305 seconds.
  path: Assets/Sprites/PlayerBot/run3.png
  artifactKey: Guid(73374776bc12630409b8e02aafd35923) Importer(815301076,1909f56bfc062723c751e8b465ee728b)
Start importing Assets/Sprites/PlayerBot/run3.png using Guid(73374776bc12630409b8e02aafd35923) Importer(815301076,1909f56bfc062723c751e8b465ee728b)  -> (artifact id: '08b5bdb566381c381d4aa103de54fb1c') in 0.027169 seconds 
  Import took 0.033168 seconds .

========================================================================
Received Import Request.
  Time since last request: 0.014722 seconds.
  path: Assets/Sprites/Crusher/idle
  artifactKey: Guid(ab5c3a595ab912e41be632f5d8c33b52) Importer(815301076,1909f56bfc062723c751e8b465ee728b)
Start importing Assets/Sprites/Crusher/idle using Guid(ab5c3a595ab912e41be632f5d8c33b52) Importer(815301076,1909f56bfc062723c751e8b465ee728b)  -> (artifact id: 'a059c494f34593b93ce8ff55d027c2a6') in 0.014401 seconds 
  Import took 0.019847 seconds .

========================================================================
Received Import Request.
  Time since last request: 0.005608 seconds.
  path: Assets/Prefab
  artifactKey: Guid(f0b13ea0e8981ae4097d0a5789de4398) Importer(815301076,1909f56bfc062723c751e8b465ee728b)
Start importing Assets/Prefab using Guid(f0b13ea0e8981ae4097d0a5789de4398) Importer(815301076,1909f56bfc062723c751e8b465ee728b)  -> (artifact id: '54238e0e071b45e35d18c7020b56bb45') in 0.014923 seconds 
  Import took 0.020299 seconds .

========================================================================
Received Import Request.
  Time since last request: 0.009581 seconds.
  path: Assets/Sprites/Ground/Ground.png
  artifactKey: Guid(b7892fbf393f53640b095e358127b853) Importer(815301076,1909f56bfc062723c751e8b465ee728b)
Start importing Assets/Sprites/Ground/Ground.png using Guid(b7892fbf393f53640b095e358127b853) Importer(815301076,1909f56bfc062723c751e8b465ee728b)  -> (artifact id: 'e3c5a09112f97a219a9a3c4ee45ba94b') in 0.026599 seconds 
  Import took 0.032474 seconds .

========================================================================
Received Import Request.
  Time since last request: 0.010409 seconds.
  path: Assets/Prefab/M484BulletCollection1_257.prefab
  artifactKey: Guid(40b7be0ce11beaa48bd7f0e3d3eaa32b) Importer(815301076,1909f56bfc062723c751e8b465ee728b)
Start importing Assets/Prefab/M484BulletCollection1_257.prefab using Guid(40b7be0ce11beaa48bd7f0e3d3eaa32b) Importer(815301076,1909f56bfc062723c751e8b465ee728b)  -> (artifact id: 'a5c85334d4d3eb6c1598eaadbdec093c') in 0.075595 seconds 
  Import took 0.083692 seconds .

========================================================================
Received Import Request.
  Time since last request: 0.006333 seconds.
  path: Assets/Sprites/Bullet
  artifactKey: Guid(553cd520b9117e1488db0efc2cef7fd5) Importer(815301076,1909f56bfc062723c751e8b465ee728b)
Start importing Assets/Sprites/Bullet using Guid(553cd520b9117e1488db0efc2cef7fd5) Importer(815301076,1909f56bfc062723c751e8b465ee728b)  -> (artifact id: '95d0aa1b34ccc9c801010a6d2c535292') in 0.014956 seconds 
  Import took 0.020816 seconds .

========================================================================
Received Import Request.
  Time since last request: 0.009866 seconds.
  path: Assets/Prefab/Crusher1.prefab
  artifactKey: Guid(4145e24d86112a6418667d26a41589f2) Importer(815301076,1909f56bfc062723c751e8b465ee728b)
Start importing Assets/Prefab/Crusher1.prefab using Guid(4145e24d86112a6418667d26a41589f2) Importer(815301076,1909f56bfc062723c751e8b465ee728b)  -> (artifact id: 'ca8e655d5cb668d3bdfb8b8527a066c2') in 0.040069 seconds 
  Import took 0.046517 seconds .

========================================================================
Received Import Request.
  Time since last request: 0.007047 seconds.
  path: Assets/Animations
  artifactKey: Guid(2f9491e6caf7c4f459e9b8fc85a95946) Importer(815301076,1909f56bfc062723c751e8b465ee728b)
Start importing Assets/Animations using Guid(2f9491e6caf7c4f459e9b8fc85a95946) Importer(815301076,1909f56bfc062723c751e8b465ee728b)  -> (artifact id: '6d44eca82b74aadb7b93d17c7b111305') in 0.014708 seconds 
  Import took 0.020786 seconds .

========================================================================
Received Import Request.
  Time since last request: 0.007429 seconds.
  path: Assets/Resources/WhiteFlash.mat
  artifactKey: Guid(354ce6266f63d254d93a34e7e01da16b) Importer(815301076,1909f56bfc062723c751e8b465ee728b)
Start importing Assets/Resources/WhiteFlash.mat using Guid(354ce6266f63d254d93a34e7e01da16b) Importer(815301076,1909f56bfc062723c751e8b465ee728b)  -> (artifact id: 'b59e1f0b05bf59abc9de38b3bd5fe0a2') in 0.068706 seconds 
  Import took 0.073831 seconds .

========================================================================
Received Import Request.
  Time since last request: 0.010802 seconds.
  path: Assets/Scripts/EnemyMovement.cs
  artifactKey: Guid(956ace91d6a8e874b878d2ec5dc8e7b3) Importer(815301076,1909f56bfc062723c751e8b465ee728b)
Start importing Assets/Scripts/EnemyMovement.cs using Guid(956ace91d6a8e874b878d2ec5dc8e7b3) Importer(815301076,1909f56bfc062723c751e8b465ee728b)  -> (artifact id: '96db71e995b5548106adeb8316da3e48') in 0.033126 seconds 
  Import took 0.039912 seconds .

========================================================================
Received Import Request.
  Time since last request: 0.007058 seconds.
  path: Assets/Animations/Robot/RunAndShoot.anim
  artifactKey: Guid(5cfc9385bae47e84a83850f6c6fa845e) Importer(815301076,1909f56bfc062723c751e8b465ee728b)
Start importing Assets/Animations/Robot/RunAndShoot.anim using Guid(5cfc9385bae47e84a83850f6c6fa845e) Importer(815301076,1909f56bfc062723c751e8b465ee728b)  -> (artifact id: '5aedd1d670af95826a6d84bd79f0513e') in 0.017058 seconds 
  Import took 0.025098 seconds .

========================================================================
Received Import Request.
  Time since last request: 0.007261 seconds.
  path: Assets/Animations/Crusher/Idle.anim
  artifactKey: Guid(3186075a78e305b468fb6f0f1dab4390) Importer(815301076,1909f56bfc062723c751e8b465ee728b)
Start importing Assets/Animations/Crusher/Idle.anim using Guid(3186075a78e305b468fb6f0f1dab4390) Importer(815301076,1909f56bfc062723c751e8b465ee728b)  -> (artifact id: '77a32f4a56c2b1c34dd1ed271a9744c6') in 0.007439 seconds 
  Import took 0.014985 seconds .

========================================================================
Received Import Request.
  Time since last request: 0.008045 seconds.
  path: Assets/Scripts/EnemyHealth.cs
  artifactKey: Guid(1ad1b286718ac5540bcef944dcf4c0fc) Importer(815301076,1909f56bfc062723c751e8b465ee728b)
Start importing Assets/Scripts/EnemyHealth.cs using Guid(1ad1b286718ac5540bcef944dcf4c0fc) Importer(815301076,1909f56bfc062723c751e8b465ee728b)  -> (artifact id: '7eea7fa9907b3fd7be192ed8b8f9eed6') in 0.013975 seconds 
  Import took 0.020133 seconds .

========================================================================
Received Import Request.
  Time since last request: 0.008363 seconds.
  path: Assets/Scripts/DestroyOnInvisible.cs
  artifactKey: Guid(1308638e60ce5484cb274896c90a4a52) Importer(815301076,1909f56bfc062723c751e8b465ee728b)
Start importing Assets/Scripts/DestroyOnInvisible.cs using Guid(1308638e60ce5484cb274896c90a4a52) Importer(815301076,1909f56bfc062723c751e8b465ee728b)  -> (artifact id: '7422e0634dbe98ed806cc7ee41723662') in 0.014739 seconds 
  Import took 0.020655 seconds .

========================================================================
Received Import Request.
  Time since last request: 0.005084 seconds.
  path: Assets/Scenes
  artifactKey: Guid(0f68f75c444d2634c86cb7fcd50d862f) Importer(815301076,1909f56bfc062723c751e8b465ee728b)
Start importing Assets/Scenes using Guid(0f68f75c444d2634c86cb7fcd50d862f) Importer(815301076,1909f56bfc062723c751e8b465ee728b)  -> (artifact id: 'fc0d4f9002a50ca87817df3fed778fbe') in 0.015409 seconds 
  Import took 0.022019 seconds .

========================================================================
Received Import Request.
  Time since last request: 0.006942 seconds.
  path: Assets/Sprites/Crosshair/Crosshair.png
  artifactKey: Guid(0f47005ced2646846aa9d1fc32cb6910) Importer(815301076,1909f56bfc062723c751e8b465ee728b)
Start importing Assets/Sprites/Crosshair/Crosshair.png using Guid(0f47005ced2646846aa9d1fc32cb6910) Importer(815301076,1909f56bfc062723c751e8b465ee728b)  -> (artifact id: 'cc3cec4d14f8fd74fd205f60623b8c6d') in 0.027454 seconds 
  Import took 0.033310 seconds .

========================================================================
Received Import Request.
  Time since last request: 0.007001 seconds.
  path: Assets/Resources
  artifactKey: Guid(d4111f7e92212924ea17be2abd833381) Importer(815301076,1909f56bfc062723c751e8b465ee728b)
Start importing Assets/Resources using Guid(d4111f7e92212924ea17be2abd833381) Importer(815301076,1909f56bfc062723c751e8b465ee728b)  -> (artifact id: '1b724c05c6fd19def462ecbd6ff67be3') in 0.014397 seconds 
  Import took 0.020873 seconds .

========================================================================
Received Import Request.
  Time since last request: 0.005171 seconds.
  path: Assets/Sprites/PlayerBot
  artifactKey: Guid(1a8d31e3cdd1483469b1476344d024fe) Importer(815301076,1909f56bfc062723c751e8b465ee728b)
Start importing Assets/Sprites/PlayerBot using Guid(1a8d31e3cdd1483469b1476344d024fe) Importer(815301076,1909f56bfc062723c751e8b465ee728b)  -> (artifact id: 'ad283f0e3d685a02b40a0d6a7c946463') in 0.015519 seconds 
  Import took 0.021368 seconds .

========================================================================
Received Import Request.
  Time since last request: 0.008533 seconds.
  path: Assets/Sprites/Crusher/idle/frame0002.png
  artifactKey: Guid(d986224c3ed9adc4e8bc8e6f331e5c02) Importer(815301076,1909f56bfc062723c751e8b465ee728b)
Start importing Assets/Sprites/Crusher/idle/frame0002.png using Guid(d986224c3ed9adc4e8bc8e6f331e5c02) Importer(815301076,1909f56bfc062723c751e8b465ee728b)  -> (artifact id: '908d60135da313771fd3074fff856847') in 0.028384 seconds 
  Import took 0.034244 seconds .

========================================================================
Received Import Request.
  Time since last request: 0.011074 seconds.
  path: Assets/Sprites/HealthBar/Pixel1_Healthbar_0003_pixel1_healthbarcomplete.png
  artifactKey: Guid(5c3ae4f6d50f2904fafa763ee808a58d) Importer(815301076,1909f56bfc062723c751e8b465ee728b)
Start importing Assets/Sprites/HealthBar/Pixel1_Healthbar_0003_pixel1_healthbarcomplete.png using Guid(5c3ae4f6d50f2904fafa763ee808a58d) Importer(815301076,1909f56bfc062723c751e8b465ee728b)  -> (artifact id: 'eecbd32dbf992f146936fb0d8b21f202') in 0.027699 seconds 
  Import took 0.033696 seconds .

========================================================================
Received Import Request.
  Time since last request: 0.016773 seconds.
  path: Assets/Sprites
  artifactKey: Guid(ac8ba222d8233f4439ab98d3802b467e) Importer(815301076,1909f56bfc062723c751e8b465ee728b)
Start importing Assets/Sprites using Guid(ac8ba222d8233f4439ab98d3802b467e) Importer(815301076,1909f56bfc062723c751e8b465ee728b)  -> (artifact id: '94ea939b8159d0169f166e7e02c454b9') in 0.014499 seconds 
  Import took 0.021554 seconds .

========================================================================
Received Import Request.
  Time since last request: 0.007154 seconds.
  path: Assets/Scenes/SampleScene.unity
  artifactKey: Guid(2cda990e2423bbf4892e6590ba056729) Importer(815301076,1909f56bfc062723c751e8b465ee728b)
Start importing Assets/Scenes/SampleScene.unity using Guid(2cda990e2423bbf4892e6590ba056729) Importer(815301076,1909f56bfc062723c751e8b465ee728b)  -> (artifact id: 'e19022cc5f775f18153423ca01255866') in 0.016576 seconds 
  Import took 0.021563 seconds .

========================================================================
Received Import Request.
  Time since last request: 0.007251 seconds.
  path: Assets/Resources/OrangeFlash.mat
  artifactKey: Guid(fa4e5093e7eb7bc4e99cf59335ae162f) Importer(815301076,1909f56bfc062723c751e8b465ee728b)
Start importing Assets/Resources/OrangeFlash.mat using Guid(fa4e5093e7eb7bc4e99cf59335ae162f) Importer(815301076,1909f56bfc062723c751e8b465ee728b)  -> (artifact id: '6e0efdcf7b6a141a2211d09af9f75727') in 0.026162 seconds 
  Import took 0.031903 seconds .

========================================================================
Received Import Request.
  Time since last request: 0.010232 seconds.
  path: Assets/Prefab/Crosshair.prefab
  artifactKey: Guid(e54bb41ba49fc0b42992c848cd0b5431) Importer(815301076,1909f56bfc062723c751e8b465ee728b)
Start importing Assets/Prefab/Crosshair.prefab using Guid(e54bb41ba49fc0b42992c848cd0b5431) Importer(815301076,1909f56bfc062723c751e8b465ee728b)  -> (artifact id: 'c59a2c903ad8a9682fa5dfac0cff3786') in 0.029354 seconds 
  Import took 0.038270 seconds .

========================================================================
Received Import Request.
  Time since last request: 0.011446 seconds.
  path: Assets/Animations/Crusher/Crusher.controller
  artifactKey: Guid(465ee300a38fbab4b889020dab9ee281) Importer(815301076,1909f56bfc062723c751e8b465ee728b)
Start importing Assets/Animations/Crusher/Crusher.controller using Guid(465ee300a38fbab4b889020dab9ee281) Importer(815301076,1909f56bfc062723c751e8b465ee728b)  -> (artifact id: 'f5f0ee9e6c3d48a30b3c9d68115c5d89') in 0.020012 seconds 
  Import took 0.026720 seconds .

========================================================================
Received Import Request.
  Time since last request: 0.007306 seconds.
  path: Assets/Sprites/Crusher/idle/frame0001.png
  artifactKey: Guid(f56bad211a5e105448c0a040fd277722) Importer(815301076,1909f56bfc062723c751e8b465ee728b)
Start importing Assets/Sprites/Crusher/idle/frame0001.png using Guid(f56bad211a5e105448c0a040fd277722) Importer(815301076,1909f56bfc062723c751e8b465ee728b)  -> (artifact id: 'ccacfb73658dd09a0811dabe196a6481') in 0.026807 seconds 
  Import took 0.031910 seconds .

========================================================================
Received Import Request.
  Time since last request: 0.012141 seconds.
  path: Assets/Sprites/Crusher
  artifactKey: Guid(5fca6ab271772ec41a3b8d3fd2fb6b65) Importer(815301076,1909f56bfc062723c751e8b465ee728b)
Start importing Assets/Sprites/Crusher using Guid(5fca6ab271772ec41a3b8d3fd2fb6b65) Importer(815301076,1909f56bfc062723c751e8b465ee728b)  -> (artifact id: 'a6db8e0b0daeb7546c04e73971cc253d') in 0.005296 seconds 
  Import took 0.011431 seconds .

========================================================================
Received Import Request.
  Time since last request: 0.008096 seconds.
  path: Assets/Sprites/PlayerBot/idle.png
  artifactKey: Guid(57598885c6dc62d46a21f8a348d48241) Importer(815301076,1909f56bfc062723c751e8b465ee728b)
Start importing Assets/Sprites/PlayerBot/idle.png using Guid(57598885c6dc62d46a21f8a348d48241) Importer(815301076,1909f56bfc062723c751e8b465ee728b)  -> (artifact id: 'e7ca19bc889658f9d47564ee1b174507') in 0.025999 seconds 
  Import took 0.031833 seconds .

========================================================================
Received Import Request.
  Time since last request: 0.006793 seconds.
  path: Assets/Animations/Robot
  artifactKey: Guid(ff6f83595a5e50749808b930f547af67) Importer(815301076,1909f56bfc062723c751e8b465ee728b)
Start importing Assets/Animations/Robot using Guid(ff6f83595a5e50749808b930f547af67) Importer(815301076,1909f56bfc062723c751e8b465ee728b)  -> (artifact id: '87f5e906d7b30c67b77c0fb3e7705e86') in 0.014247 seconds 
  Import took 0.019759 seconds .

========================================================================
Received Import Request.
  Time since last request: 0.005650 seconds.
  path: Assets/Animations/Crusher
  artifactKey: Guid(a1b0731482f65a34ba7120e09012a893) Importer(815301076,1909f56bfc062723c751e8b465ee728b)
Start importing Assets/Animations/Crusher using Guid(a1b0731482f65a34ba7120e09012a893) Importer(815301076,1909f56bfc062723c751e8b465ee728b)  -> (artifact id: '11bccdb4f9e403139f30d53f637d2a3b') in 0.006575 seconds 
  Import took 0.012962 seconds .

========================================================================
Received Import Request.
  Time since last request: 0.011303 seconds.
  path: Assets/Scripts/PlayerControls.cs
  artifactKey: Guid(584d9595a2eb1a941a56c61d1bc0d20d) Importer(815301076,1909f56bfc062723c751e8b465ee728b)
Start importing Assets/Scripts/PlayerControls.cs using Guid(584d9595a2eb1a941a56c61d1bc0d20d) Importer(815301076,1909f56bfc062723c751e8b465ee728b)  -> (artifact id: '4f9a9acef0429458c6e7778e334598c0') in 0.014321 seconds 
  Import took 0.022070 seconds .

========================================================================
Received Import Request.
  Time since last request: 0.007959 seconds.
  path: Assets/Prefab/GroundPlatform.prefab
  artifactKey: Guid(7dad97b22defd5e419bd99ec1cb2b97c) Importer(815301076,1909f56bfc062723c751e8b465ee728b)
Start importing Assets/Prefab/GroundPlatform.prefab using Guid(7dad97b22defd5e419bd99ec1cb2b97c) Importer(815301076,1909f56bfc062723c751e8b465ee728b)  -> (artifact id: '5164f098de1f49c1e23009221bce4d46') in 0.036286 seconds 
  Import took 0.042934 seconds .

========================================================================
Received Import Request.
  Time since last request: 0.010181 seconds.
  path: Assets/Sprites/PlayerBot/run2.png
  artifactKey: Guid(539b35fb9ad2a1046ab0939cf3d73465) Importer(815301076,1909f56bfc062723c751e8b465ee728b)
Start importing Assets/Sprites/PlayerBot/run2.png using Guid(539b35fb9ad2a1046ab0939cf3d73465) Importer(815301076,1909f56bfc062723c751e8b465ee728b)  -> (artifact id: '836d76cf2e974f3849cc19e57177fb6c') in 0.027323 seconds 
  Import took 0.033172 seconds .

========================================================================
Received Import Request.
  Time since last request: 0.011064 seconds.
  path: Assets/Sprites/Crusher/idle/frame0005.png
  artifactKey: Guid(4de31f7afa097cd4e9c3aa4cc8b200f1) Importer(815301076,1909f56bfc062723c751e8b465ee728b)
Start importing Assets/Sprites/Crusher/idle/frame0005.png using Guid(4de31f7afa097cd4e9c3aa4cc8b200f1) Importer(815301076,1909f56bfc062723c751e8b465ee728b)  -> (artifact id: '5d4d0b909de052a2b00d9b8238beecb2') in 0.028529 seconds 
  Import took 0.034749 seconds .

========================================================================
Received Import Request.
  Time since last request: 0.007569 seconds.
  path: Assets/Sprites/Ground
  artifactKey: Guid(6aac7729622c5dc4f924074c66af12e2) Importer(815301076,1909f56bfc062723c751e8b465ee728b)
Start importing Assets/Sprites/Ground using Guid(6aac7729622c5dc4f924074c66af12e2) Importer(815301076,1909f56bfc062723c751e8b465ee728b)  -> (artifact id: '6ef83b9f63b09dfc4379e529e00ec8ea') in 0.005146 seconds 
  Import took 0.011376 seconds .

========================================================================
Received Import Request.
  Time since last request: 0.007183 seconds.
  path: Assets/Sprites/HealthBar/Pixel1_Healthbar_0001_pixel1_healthbar.png
  artifactKey: Guid(3ba39f958fb935d4988dd0a9ee500ee3) Importer(815301076,1909f56bfc062723c751e8b465ee728b)
Start importing Assets/Sprites/HealthBar/Pixel1_Healthbar_0001_pixel1_healthbar.png using Guid(3ba39f958fb935d4988dd0a9ee500ee3) Importer(815301076,1909f56bfc062723c751e8b465ee728b)  -> (artifact id: '507c7cbcaf881e3cfdd7a8bf515edb38') in 0.027138 seconds 
  Import took 0.034102 seconds .

========================================================================
Received Import Request.
  Time since last request: 0.011648 seconds.
  path: Assets/Scenes/Robomania.unity
  artifactKey: Guid(6babbc21fe4c5be43abd08ec76f2fdad) Importer(815301076,1909f56bfc062723c751e8b465ee728b)
Start importing Assets/Scenes/Robomania.unity using Guid(6babbc21fe4c5be43abd08ec76f2fdad) Importer(815301076,1909f56bfc062723c751e8b465ee728b)  -> (artifact id: '5de99b2508e57c34fd33b99e578ad8dc') in 0.015993 seconds 
  Import took 0.022664 seconds .

========================================================================
Received Import Request.
  Time since last request: 0.005521 seconds.
  path: Assets/Scripts
  artifactKey: Guid(230920f8a8c7f344cba2a56781a452f6) Importer(815301076,1909f56bfc062723c751e8b465ee728b)
Start importing Assets/Scripts using Guid(230920f8a8c7f344cba2a56781a452f6) Importer(815301076,1909f56bfc062723c751e8b465ee728b)  -> (artifact id: '5906eba1372be87198cc36c9affd98e4') in 0.013391 seconds 
  Import took 0.019064 seconds .

========================================================================
Received Import Request.
  Time since last request: 0.006586 seconds.
  path: Assets/Sprites/HealthBar/Pixel1_Healthbar_0002_pixel1_border.png
  artifactKey: Guid(85a00abfd0eabd7468bcabe7b5b70c7e) Importer(815301076,1909f56bfc062723c751e8b465ee728b)
Start importing Assets/Sprites/HealthBar/Pixel1_Healthbar_0002_pixel1_border.png using Guid(85a00abfd0eabd7468bcabe7b5b70c7e) Importer(815301076,1909f56bfc062723c751e8b465ee728b)  -> (artifact id: '5669e630c06b2d04dc0ddc068ccfe57e') in 0.028967 seconds 
  Import took 0.035301 seconds .

========================================================================
Received Import Request.
  Time since last request: 0.010935 seconds.
  path: Assets/Sprites/HealthBar
  artifactKey: Guid(f5d077fafa2b34f42b181f2ee9d8c9b4) Importer(815301076,1909f56bfc062723c751e8b465ee728b)
Start importing Assets/Sprites/HealthBar using Guid(f5d077fafa2b34f42b181f2ee9d8c9b4) Importer(815301076,1909f56bfc062723c751e8b465ee728b)  -> (artifact id: 'e7586d832f2d34c0c36273da1cb94b95') in 0.014092 seconds 
  Import took 0.019544 seconds .

========================================================================
Received Import Request.
  Time since last request: 0.007194 seconds.
  path: Assets/Sprites/Crosshair
  artifactKey: Guid(696ea8b815e11b043902c41b7cf0a1f2) Importer(815301076,1909f56bfc062723c751e8b465ee728b)
Start importing Assets/Sprites/Crosshair using Guid(696ea8b815e11b043902c41b7cf0a1f2) Importer(815301076,1909f56bfc062723c751e8b465ee728b)  -> (artifact id: '249ab3388589ca901ad384ff91ee41ee') in 0.005349 seconds 
  Import took 0.011011 seconds .

========================================================================
Received Import Request.
  Time since last request: 0.008870 seconds.
  path: Assets/Animations/Robot/Run.anim
  artifactKey: Guid(f8e313f20f0683845880d7098fb356b7) Importer(815301076,1909f56bfc062723c751e8b465ee728b)
Start importing Assets/Animations/Robot/Run.anim using Guid(f8e313f20f0683845880d7098fb356b7) Importer(815301076,1909f56bfc062723c751e8b465ee728b)  -> (artifact id: '036698400872391261cc6f24daa1e35f') in 0.016921 seconds 
  Import took 0.022802 seconds .

========================================================================
Received Import Request.
  Time since last request: 0.008133 seconds.
  path: Assets/Prefab/Player.prefab
  artifactKey: Guid(bdde90feb5bfa6647a873f8afee9ed6d) Importer(815301076,1909f56bfc062723c751e8b465ee728b)
Start importing Assets/Prefab/Player.prefab using Guid(bdde90feb5bfa6647a873f8afee9ed6d) Importer(815301076,1909f56bfc062723c751e8b465ee728b)  -> (artifact id: 'aac1adf4eaaac06bee0209427207bf27') in 0.035746 seconds 
  Import took 0.041518 seconds .

========================================================================
Received Import Request.
  Time since last request: 0.009718 seconds.
  path: Assets/Sprites/Crusher/idle/frame0004.png
  artifactKey: Guid(c0a617cfc02d2bc45aec58734d4bafd9) Importer(815301076,1909f56bfc062723c751e8b465ee728b)
Start importing Assets/Sprites/Crusher/idle/frame0004.png using Guid(c0a617cfc02d2bc45aec58734d4bafd9) Importer(815301076,1909f56bfc062723c751e8b465ee728b)  -> (artifact id: '77f1fa146ad9bc850eb3f4af5f361592') in 0.027572 seconds 
  Import took 0.033177 seconds .

========================================================================
Received Import Request.
  Time since last request: 0.010514 seconds.
  path: Assets/Sprites/Crusher/idle/frame0006.png
  artifactKey: Guid(3cf4e69880f3a9241b0578d67d50f76d) Importer(815301076,1909f56bfc062723c751e8b465ee728b)
Start importing Assets/Sprites/Crusher/idle/frame0006.png using Guid(3cf4e69880f3a9241b0578d67d50f76d) Importer(815301076,1909f56bfc062723c751e8b465ee728b)  -> (artifact id: '87e4dc951d0b0a1ad8886579d9c22c02') in 0.026589 seconds 
  Import took 0.032156 seconds .

========================================================================
Received Import Request.
  Time since last request: 0.010397 seconds.
  path: Assets/Animations/Robot/Player.controller
  artifactKey: Guid(96601889e460bf34882344b6acdf4c2f) Importer(815301076,1909f56bfc062723c751e8b465ee728b)
Start importing Assets/Animations/Robot/Player.controller using Guid(96601889e460bf34882344b6acdf4c2f) Importer(815301076,1909f56bfc062723c751e8b465ee728b)  -> (artifact id: '8aceac80263c1d5ef2a23cfd73b2a0b5') in 0.008274 seconds 
  Import took 0.014309 seconds .

========================================================================
Received Import Request.
  Time since last request: 0.007229 seconds.
  path: Assets/Animations/Robot/Shoot.anim
  artifactKey: Guid(8b9cc3cc2f101d8409b50345281a7f7f) Importer(815301076,1909f56bfc062723c751e8b465ee728b)
Start importing Assets/Animations/Robot/Shoot.anim using Guid(8b9cc3cc2f101d8409b50345281a7f7f) Importer(815301076,1909f56bfc062723c751e8b465ee728b)  -> (artifact id: '2ef83e86be67163b739ef6b36dbae552') in 0.018536 seconds 
  Import took 0.024664 seconds .

========================================================================
Received Import Request.
  Time since last request: 0.008008 seconds.
  path: Assets/Prefab/Crusher2.prefab
  artifactKey: Guid(32ed36183c16eba49a535121e3e8472f) Importer(815301076,1909f56bfc062723c751e8b465ee728b)
Start importing Assets/Prefab/Crusher2.prefab using Guid(32ed36183c16eba49a535121e3e8472f) Importer(815301076,1909f56bfc062723c751e8b465ee728b)  -> (artifact id: 'e4375a155b709629481ff36a9a95b745') in 0.029861 seconds 
  Import took 0.036027 seconds .

========================================================================
Received Import Request.
  Time since last request: 0.008276 seconds.
  path: Assets/Sprites/Crusher/idle/frame0007.png
  artifactKey: Guid(634087d5b88799e4f88c7018a3b1b323) Importer(815301076,1909f56bfc062723c751e8b465ee728b)
Start importing Assets/Sprites/Crusher/idle/frame0007.png using Guid(634087d5b88799e4f88c7018a3b1b323) Importer(815301076,1909f56bfc062723c751e8b465ee728b)  -> (artifact id: '354dc86ece63718fcdd91e5a04dd56c4') in 0.027088 seconds 
  Import took 0.033070 seconds .

========================================================================
Received Import Request.
  Time since last request: 0.010993 seconds.
  path: Assets/Scripts/ProjectileAndAim.cs
  artifactKey: Guid(af96041bde7f7ee4e828c697c42f11e0) Importer(815301076,1909f56bfc062723c751e8b465ee728b)
Start importing Assets/Scripts/ProjectileAndAim.cs using Guid(af96041bde7f7ee4e828c697c42f11e0) Importer(815301076,1909f56bfc062723c751e8b465ee728b)  -> (artifact id: '1a6531ca7be2f130d60d7b455a1db8ba') in 0.013908 seconds 
  Import took 0.018960 seconds .

========================================================================
Received Import Request.
  Time since last request: 0.006988 seconds.
  path: Assets/Sprites/PlayerBot/run4.png
  artifactKey: Guid(b80a6810435a44745a5b46b4dbbc540b) Importer(815301076,1909f56bfc062723c751e8b465ee728b)
Start importing Assets/Sprites/PlayerBot/run4.png using Guid(b80a6810435a44745a5b46b4dbbc540b) Importer(815301076,1909f56bfc062723c751e8b465ee728b)  -> (artifact id: 'f96f3875e677570122d7748166dc3756') in 0.028645 seconds 
  Import took 0.034404 seconds .

========================================================================
Received Import Request.
  Time since last request: 0.009445 seconds.
  path: Assets/Scripts/PlayerHealth.cs
  artifactKey: Guid(3f5c0550473a5634fb4fa0f06d592300) Importer(815301076,1909f56bfc062723c751e8b465ee728b)
Start importing Assets/Scripts/PlayerHealth.cs using Guid(3f5c0550473a5634fb4fa0f06d592300) Importer(815301076,1909f56bfc062723c751e8b465ee728b)  -> (artifact id: '8ca0b156e1d13caabadbe7a3f7670505') in 0.015726 seconds 
  Import took 0.021954 seconds .

========================================================================
Received Import Request.
  Time since last request: 0.006694 seconds.
  path: Assets/Sprites/Crusher/idle/frame0000.png
  artifactKey: Guid(7a4af0069401b6c419d817756afe26d2) Importer(815301076,1909f56bfc062723c751e8b465ee728b)
Start importing Assets/Sprites/Crusher/idle/frame0000.png using Guid(7a4af0069401b6c419d817756afe26d2) Importer(815301076,1909f56bfc062723c751e8b465ee728b)  -> (artifact id: '7374c37e0f883debdf435ea53ec1967d') in 0.029926 seconds 
  Import took 0.036747 seconds .

AssetImportWorkerClient::OnTransportError - code=2 error=End of file
